

 >>> Beginning of "pragmatik"...


> suman@1.1.512232 postinstall /Users/alexamil/WebstormProjects/oresoftware/pragmatik/node_modules/suman
> ./scripts/suman-postinstall.sh

pragmatik@0.0.407 /Users/alexamil/WebstormProjects/oresoftware/pragmatik
├── @types/async@2.0.40 
├── @types/core-js@0.9.41 
├── @types/lodash@4.14.62 
├── @types/node@7.0.12 
├─┬ debug@2.6.3 
│ └── ms@0.7.2 
├── function-arguments@1.0.8 
├─┬ node-check-fast@0.0.1008 
│ ├─┬ async@2.3.0 
│ │ └── lodash@4.17.4 
│ ├─┬ dashdash@1.14.1 
│ │ └── assert-plus@1.0.0 
│ └── lodash.flattendeep@4.4.0 
└─┬ suman@1.1.512232 
  ├── ansi-256-colors@1.1.0 
  ├── ascii-table@0.0.9 
  ├── async@2.3.0  deduped
  ├── builtin-modules@1.1.1 
  ├── callsite@1.0.0 
  ├── camelcase@4.1.0 
  ├── chmodr@1.0.2 
  ├── colors@1.1.2 
  ├── dashdash@1.14.1  deduped
  ├─┬ du@0.1.0 
  │ └── async@0.1.22 
  ├── function-arguments@1.0.8  deduped
  ├── lockfile@1.0.3 
  ├── lodash.flatten@4.4.0 
  ├── lodash.flattendeep@4.4.0  deduped
  ├── lodash.includes@4.3.0 
  ├── lodash.intersection@4.4.0 
  ├── lodash.mapvalues@4.6.0 
  ├── lodash.merge@4.6.0 
  ├── lodash.shuffle@4.2.0 
  ├── lodash.sortby@4.7.0 
  ├── lodash.uniq@4.5.0 
  ├── lodash.uniqby@4.7.0 
  ├─┬ make-beep@0.0.1 
  │ └── minimist@1.2.0 
  ├─┬ mkdirp@0.5.1 
  │ └── minimist@0.0.8 
  ├─┬ pragmatik@0.0.407 
  │ ├── debug@2.6.3  deduped
  │ └── function-arguments@1.0.8  deduped
  ├── progress@2.0.0 
  ├─┬ request@2.81.0 
  │ ├── aws-sign2@0.6.0 
  │ ├── aws4@1.6.0 
  │ ├── caseless@0.12.0 
  │ ├─┬ combined-stream@1.0.5 
  │ │ └── delayed-stream@1.0.0 
  │ ├── extend@3.0.0 
  │ ├── forever-agent@0.6.1 
  │ ├─┬ form-data@2.1.4 
  │ │ ├── asynckit@0.4.0 
  │ │ ├── combined-stream@1.0.5  deduped
  │ │ └── mime-types@2.1.15  deduped
  │ ├─┬ har-validator@4.2.1 
  │ │ ├─┬ ajv@4.11.6 
  │ │ │ ├── co@4.6.0 
  │ │ │ └─┬ json-stable-stringify@1.0.1 
  │ │ │   └── jsonify@0.0.0 
  │ │ └── har-schema@1.0.5 
  │ ├─┬ hawk@3.1.3 
  │ │ ├─┬ boom@2.10.1 
  │ │ │ └── hoek@2.16.3  deduped
  │ │ ├─┬ cryptiles@2.0.5 
  │ │ │ └── boom@2.10.1  deduped
  │ │ ├── hoek@2.16.3 
  │ │ └─┬ sntp@1.0.9 
  │ │   └── hoek@2.16.3  deduped
  │ ├─┬ http-signature@1.1.1 
  │ │ ├── assert-plus@0.2.0 
  │ │ ├─┬ jsprim@1.4.0 
  │ │ │ ├── assert-plus@1.0.0  deduped
  │ │ │ ├── extsprintf@1.0.2 
  │ │ │ ├── json-schema@0.2.3 
  │ │ │ └─┬ verror@1.3.6 
  │ │ │   └── extsprintf@1.0.2  deduped
  │ │ └─┬ sshpk@1.13.0 
  │ │   ├── asn1@0.2.3 
  │ │   ├── assert-plus@1.0.0  deduped
  │ │   ├─┬ bcrypt-pbkdf@1.0.1 
  │ │   │ └── tweetnacl@0.14.5  deduped
  │ │   ├── dashdash@1.14.1  deduped
  │ │   ├─┬ ecc-jsbn@0.1.1 
  │ │   │ └── jsbn@0.1.1  deduped
  │ │   ├─┬ getpass@0.1.6 
  │ │   │ └── assert-plus@1.0.0  deduped
  │ │   ├─┬ jodid25519@1.0.2 
  │ │   │ └── jsbn@0.1.1  deduped
  │ │   ├── jsbn@0.1.1 
  │ │   └── tweetnacl@0.14.5 
  │ ├── is-typedarray@1.0.0 
  │ ├── isstream@0.1.2 
  │ ├── json-stringify-safe@5.0.1 
  │ ├─┬ mime-types@2.1.15 
  │ │ └── mime-db@1.27.0 
  │ ├── oauth-sign@0.8.2 
  │ ├── performance-now@0.2.0 
  │ ├── qs@6.4.0 
  │ ├── safe-buffer@5.0.1 
  │ ├── stringstream@0.0.5 
  │ ├─┬ tough-cookie@2.3.2 
  │ │ └── punycode@1.4.1 
  │ ├─┬ tunnel-agent@0.6.0 
  │ │ └── safe-buffer@5.0.1  deduped
  │ └── uuid@3.0.1  deduped
  ├── require-from-string@1.2.1 
  ├── residence@0.0.202 
  ├─┬ rimraf@2.6.1 
  │ └─┬ glob@7.1.1 
  │   ├── fs.realpath@1.0.0 
  │   ├─┬ inflight@1.0.6 
  │   │ ├── once@1.4.0  deduped
  │   │ └── wrappy@1.0.2 
  │   ├── inherits@2.0.3  deduped
  │   ├─┬ minimatch@3.0.3 
  │   │ └─┬ brace-expansion@1.1.7 
  │   │   ├── balanced-match@0.4.2 
  │   │   └── concat-map@0.0.1 
  │   ├─┬ once@1.4.0 
  │   │ └── wrappy@1.0.2  deduped
  │   └── path-is-absolute@1.0.1 
  ├── semver@5.3.0 
  ├── siamese@2.0.4 
  ├─┬ socket.io@1.7.3 
  │ ├─┬ debug@2.3.3 
  │ │ └── ms@0.7.2  deduped
  │ ├─┬ engine.io@1.8.3 
  │ │ ├─┬ accepts@1.3.3 
  │ │ │ ├── mime-types@2.1.15  deduped
  │ │ │ └── negotiator@0.6.1 
  │ │ ├── base64id@1.0.0 
  │ │ ├── cookie@0.3.1 
  │ │ ├─┬ debug@2.3.3 
  │ │ │ └── ms@0.7.2  deduped
  │ │ ├─┬ engine.io-parser@1.3.2 
  │ │ │ ├── after@0.8.2 
  │ │ │ ├── arraybuffer.slice@0.0.6 
  │ │ │ ├── base64-arraybuffer@0.1.5 
  │ │ │ ├── blob@0.0.4 
  │ │ │ ├── has-binary@0.1.7  deduped
  │ │ │ └── wtf-8@1.0.0 
  │ │ └─┬ ws@1.1.2 
  │ │   ├── options@0.0.6 
  │ │   └── ultron@1.0.2 
  │ ├─┬ has-binary@0.1.7 
  │ │ └── isarray@0.0.1 
  │ ├── object-assign@4.1.0 
  │ ├─┬ socket.io-adapter@0.5.0 
  │ │ ├─┬ debug@2.3.3 
  │ │ │ └── ms@0.7.2  deduped
  │ │ └── socket.io-parser@2.3.1  deduped
  │ ├── socket.io-client@1.7.3  deduped
  │ └─┬ socket.io-parser@2.3.1 
  │   ├── component-emitter@1.1.2 
  │   ├─┬ debug@2.2.0 
  │   │ └── ms@0.7.1 
  │   ├── isarray@0.0.1  deduped
  │   └── json3@3.3.2 
  ├─┬ socket.io-client@1.7.3 
  │ ├── backo2@1.0.2 
  │ ├── component-bind@1.0.0 
  │ ├── component-emitter@1.2.1 
  │ ├─┬ debug@2.3.3 
  │ │ └── ms@0.7.2  deduped
  │ ├─┬ engine.io-client@1.8.3 
  │ │ ├── component-emitter@1.2.1 
  │ │ ├── component-inherit@0.0.3 
  │ │ ├─┬ debug@2.3.3 
  │ │ │ └── ms@0.7.2  deduped
  │ │ ├── engine.io-parser@1.3.2  deduped
  │ │ ├── has-cors@1.1.0 
  │ │ ├── indexof@0.0.1  deduped
  │ │ ├─┬ parsejson@0.0.3 
  │ │ │ └── better-assert@1.0.2  deduped
  │ │ ├─┬ parseqs@0.0.5 
  │ │ │ └── better-assert@1.0.2  deduped
  │ │ ├── parseuri@0.0.5  deduped
  │ │ ├── ws@1.1.2  deduped
  │ │ ├── xmlhttprequest-ssl@1.5.3 
  │ │ └── yeast@0.1.2 
  │ ├── has-binary@0.1.7  deduped
  │ ├── indexof@0.0.1 
  │ ├── object-component@0.0.3 
  │ ├─┬ parseuri@0.0.5 
  │ │ └─┬ better-assert@1.0.2 
  │ │   └── callsite@1.0.0  deduped
  │ ├── socket.io-parser@2.3.1  deduped
  │ └── to-array@0.1.4 
  ├─┬ suman-debug@0.0.109 
  │ ├── colors@1.1.2  deduped
  │ └─┬ suman-browser-polyfills@0.0.1002 
  │   └── async@2.3.0  deduped
  ├─┬ suman-events@0.0.107 
  │ ├── colors@1.1.2  deduped
  │ └── suman-browser-polyfills@0.0.1002  deduped
  ├─┬ suman-example-reporter@1.0.1002 
  │ └── suman-events@0.0.107  deduped
  ├─┬ suman-utils@0.0.73106 
  │ ├── async@2.3.0  deduped
  │ ├── colors@1.1.2  deduped
  │ ├── mkdirp@0.5.1  deduped
  │ ├── residence@0.0.202  deduped
  │ ├── rimraf@2.6.1  deduped
  │ └── suman-debug@0.0.109  deduped
  ├─┬ tap-parser@5.3.3 
  │ ├── events-to-array@1.1.2 
  │ ├─┬ js-yaml@3.8.3 
  │ │ ├─┬ argparse@1.0.9 
  │ │ │ └── sprintf-js@1.0.3 
  │ │ └── esprima@3.1.3 
  │ └─┬ readable-stream@2.2.9 
  │   ├── buffer-shims@1.0.0 
  │   ├── core-util-is@1.0.2 
  │   ├── inherits@2.0npm WARN pragmatik@0.0.407 No repository field.
.3  deduped
  │   ├── isarray@1.0.0 
  │   ├── process-nextick-args@1.0.7 
  │   ├─┬ string_decoder@1.0.0 
  │   │ └── buffer-shims@1.0.0  deduped
  │   └── util-deprecate@1.0.2 
  ├── tcp-ping@0.1.1 
  ├── underscore@1.8.3 
  ├── uuid@3.0.1 
  ├─┬ v8flags@2.0.12 
  │ └── user-home@1.1.1 
  └─┬ websocket-stream@4.0.0 
    ├─┬ duplexify@3.5.0 
    │ ├─┬ end-of-stream@1.0.0 
    │ │ └─┬ once@1.3.3 
    │ │   └── wrappy@1.0.2  deduped
    │ ├── inherits@2.0.3  deduped
    │ ├── readable-stream@2.2.9  deduped
    │ └── stream-shift@1.0.0 
    ├── inherits@2.0.3 
    ├── readable-stream@2.2.9  deduped
    ├── safe-buffer@5.0.1  deduped
    ├─┬ ws@2.2.3 
    │ ├── safe-buffer@5.0.1  deduped
    │ └── ultron@1.1.0 
    └── xtend@4.0.1 

npm WARN pragmatik@0.0.407 No repository field.
/Users/alexamil/.nvm/versions/node/v6.10.2/lib/node_modules/pragmatik -> /Users/alexamil/WebstormProjects/oresoftware/pragmatik
/Users/alexamil/WebstormProjects/oresoftware/pragmatik/node_modules/pragmatik -> /Users/alexamil/.nvm/versions/node/v6.10.2/lib/node_modules/pragmatik -> /Users/alexamil/WebstormProjects/oresoftware/pragmatik


 >>> Beginning of "residence"...

/Users/alexamil/.nvm/versions/node/v6.10.2/lib/node_modules/residence -> /Users/alexamil/WebstormProjects/oresoftware/residence
/Users/alexamil/WebstormProjects/oresoftware/residence/node_modules/residence -> /Users/alexamil/.nvm/versions/node/v6.10.2/lib/node_modules/residence -> /Users/alexamil/WebstormProjects/oresoftware/residence


 >>> Beginning of "npm-link-up"...

npm-link-up@0.0.1002 /Users/alexamil/WebstormProjects/oresoftware/npm-link-up
├─┬ async@2.3.0 
│ └── lodash@4.17.4 
├── colors@1.1.2 
├─┬ dashdash@1.14.1 
│ └── assert-plus@1.0.0 
├─┬ pragmatik@0.0.407 
│ ├─┬ debug@2.6.3 
│ │ └── ms@0.7.2 
│ └── function-arguments@1.0.8 
└── residence@0.0.201 

/Users/alexamil/WebstormProjects/oresoftware/npm-link-up/node_modules/pragmatik -> /Users/alexamil/.nvm/versions/node/v6.10.2/lib/node_modules/pragmatik -> /Users/alexamil/WebstormProjects/oresoftware/pragmatik
/Users/alexamil/WebstormProjects/oresoftware/npm-link-up/node_modules/residence -> /Users/alexamil/.nvm/versions/node/v6.10.2/lib/node_modules/residence -> /Users/alexamil/WebstormProjects/oresoftware/residence
npm WARN update-linked node_modules/residence needs updating to 0.0.201 from 0.0.202 but we can't, as it's a symlink
/Users/alexamil/.nvm/versions/node/v6.10.2/bin/npmlinkup -> /Users/alexamil/.nvm/versions/node/v6.10.2/lib/node_modules/npm-link-up/index.js
/Users/alexamil/.nvm/versions/node/v6.10.2/lib/node_modules/npm-link-up -> /Users/alexamil/WebstormProjects/oresoftware/npm-link-up
/Users/alexamil/WebstormProjects/oresoftware/npm-link-up/node_modules/npm-link-up -> /Users/alexamil/.nvm/versions/node/v6.10.2/lib/node_modules/npm-link-up -> /Users/alexamil/WebstormProjects/oresoftware/npm-link-up


 => NPM-Link-Up run was successful. All done.

